<?xml version="1.0" encoding="UTF-8"?>
<testsuite name="AppTest" tests="1" skipped="0" failures="0" errors="0" timestamp="2025-06-08T17:08:14" hostname="sinchana-VirtualBox" time="0.002">
  <properties/>
  <testcase name="testAppHasAGreeting" classname="AppTest" time="0.002"/>
  <system-out><![CDATA[]]></system-out>
  <system-err><![CDATA[]]></system-err>
</testsuite>
